[     754ms] [WARNING] ⚠️ React Router Future Flag Warning: React Router will begin wrapping state updates in `React.startTransition` in v7. You can use the `v7_startTransition` future flag to opt-in early. For more information, see https://reactrouter.com/v6/upgrading/future#v7_starttransition. @ http://localhost:3001/node_modules/.vite/deps/react-router-dom.js?v=14a5403e:4435
[     754ms] [WARNING] ⚠️ React Router Future Flag Warning: Relative route resolution within Splat routes is changing in v7. You can use the `v7_relativeSplatPath` future flag to opt-in early. For more information, see https://reactrouter.com/v6/upgrading/future#v7_relativesplatpath. @ http://localhost:3001/node_modules/.vite/deps/react-router-dom.js?v=14a5403e:4435
[  310887ms] [ERROR] Failed to load resource: the server responded with a status of 404 (Not Found) @ http://localhost:3001/src/components/features/auth/AuthInfographic.tsx?t=1773738199843:0
[  310888ms] [ERROR] [vite] Failed to reload /src/components/features/auth/AuthInfographic.tsx. This could be due to syntax errors or importing non-existent modules. (see errors above) @ http://localhost:3001/@vite/client:881
[  477262ms] [ERROR] Failed to load resource: the server responded with a status of 404 (Not Found) @ http://localhost:3001/src/components/features/auth/AuthInfographic.tsx?t=1773738366219:0
[  477263ms] [ERROR] [vite] Failed to reload /src/components/features/auth/AuthInfographic.tsx. This could be due to syntax errors or importing non-existent modules. (see errors above) @ http://localhost:3001/@vite/client:881
[ 1457678ms] [ERROR] Failed to load resource: the server responded with a status of 500 (Internal Server Error) @ http://localhost:3001/src/store/useStore.ts?t=1773739346612:0
[ 1457678ms] [ERROR] [vite] Failed to reload /src/components/sections/Projects.tsx. This could be due to syntax errors or importing non-existent modules. (see errors above) @ http://localhost:3001/@vite/client:881
[ 1457678ms] [ERROR] [vite] Failed to reload /src/components/layout/Footer.tsx. This could be due to syntax errors or importing non-existent modules. (see errors above) @ http://localhost:3001/@vite/client:881
[ 1457678ms] [ERROR] [vite] Failed to reload /src/components/ui/LogoToggle.tsx. This could be due to syntax errors or importing non-existent modules. (see errors above) @ http://localhost:3001/@vite/client:881
[ 1480249ms] [ERROR] [vite] Failed to reload /src/components/layout/Header.tsx. This could be due to syntax errors or importing non-existent modules. (see errors above) @ http://localhost:3001/@vite/client:881
[ 1518306ms] [ERROR] [vite] Failed to reload /src/components/layout/Header.tsx. This could be due to syntax errors or importing non-existent modules. (see errors above) @ http://localhost:3001/@vite/client:881
[ 3342989ms] [WARNING] ⚠️ React Router Future Flag Warning: React Router will begin wrapping state updates in `React.startTransition` in v7. You can use the `v7_startTransition` future flag to opt-in early. For more information, see https://reactrouter.com/v6/upgrading/future#v7_starttransition. @ http://localhost:3001/node_modules/.vite/deps/react-router-dom.js?v=14a5403e:4435
[ 3342989ms] [WARNING] ⚠️ React Router Future Flag Warning: Relative route resolution within Splat routes is changing in v7. You can use the `v7_relativeSplatPath` future flag to opt-in early. For more information, see https://reactrouter.com/v6/upgrading/future#v7_relativesplatpath. @ http://localhost:3001/node_modules/.vite/deps/react-router-dom.js?v=14a5403e:4435
[ 3456662ms] [WARNING] ⚠️ React Router Future Flag Warning: React Router will begin wrapping state updates in `React.startTransition` in v7. You can use the `v7_startTransition` future flag to opt-in early. For more information, see https://reactrouter.com/v6/upgrading/future#v7_starttransition. @ http://localhost:3001/node_modules/.vite/deps/react-router-dom.js?v=14a5403e:4435
[ 3456662ms] [WARNING] ⚠️ React Router Future Flag Warning: Relative route resolution within Splat routes is changing in v7. You can use the `v7_relativeSplatPath` future flag to opt-in early. For more information, see https://reactrouter.com/v6/upgrading/future#v7_relativesplatpath. @ http://localhost:3001/node_modules/.vite/deps/react-router-dom.js?v=14a5403e:4435
[ 6471967ms] [WARNING] ⚠️ React Router Future Flag Warning: React Router will begin wrapping state updates in `React.startTransition` in v7. You can use the `v7_startTransition` future flag to opt-in early. For more information, see https://reactrouter.com/v6/upgrading/future#v7_starttransition. @ http://localhost:3001/node_modules/.vite/deps/react-router-dom.js?v=14a5403e:4435
[ 6471968ms] [WARNING] ⚠️ React Router Future Flag Warning: Relative route resolution within Splat routes is changing in v7. You can use the `v7_relativeSplatPath` future flag to opt-in early. For more information, see https://reactrouter.com/v6/upgrading/future#v7_relativesplatpath. @ http://localhost:3001/node_modules/.vite/deps/react-router-dom.js?v=14a5403e:4435
[ 6519515ms] [ERROR] WebSocket connection to 'ws://localhost:3001/' failed: Error in connection establishment: net::ERR_CONNECTION_REFUSED @ http://localhost:3001/@vite/client:1034
[ 6522563ms] [ERROR] WebSocket connection to 'ws://localhost:3001/' failed: Error in connection establishment: net::ERR_CONNECTION_REFUSED @ http://localhost:3001/@vite/client:1034
